2025-09-08 10:57:19 [restartedMain] INFO  c.e.api.EcommarceApiApplication - Starting EcommarceApiApplication using Java 17.0.12 on DESKTOP-A2NSFGM with PID 28020 (C:\Users\Precise\Downloads\microservice-main (1)\microservice-main\EcommarceApi\target\classes started by Precise in C:\Users\Precise\Downloads\microservice-main (1)\microservice-main\EcommarceApi)
2025-09-08 10:57:19 [restartedMain] DEBUG c.e.api.EcommarceApiApplication - Running with Spring Boot v2.7.11, Spring v5.3.27
2025-09-08 10:57:19 [restartedMain] INFO  c.e.api.EcommarceApiApplication - The following 1 profile is active: "PROD"
2025-09-08 10:57:19 [restartedMain] INFO  o.s.b.d.e.DevToolsPropertyDefaultsPostProcessor - Devtools property defaults active! Set 'spring.devtools.add-properties' to 'false' to disable
2025-09-08 10:57:19 [restartedMain] INFO  o.s.b.d.e.DevToolsPropertyDefaultsPostProcessor - For additional web related logging consider setting the 'logging.level.web' property to 'DEBUG'
2025-09-08 10:57:22 [restartedMain] INFO  o.s.d.r.c.RepositoryConfigurationDelegate - Multiple Spring Data modules found, entering strict repository configuration mode
2025-09-08 10:57:22 [restartedMain] INFO  o.s.d.r.c.RepositoryConfigurationDelegate - Bootstrapping Spring Data JDBC repositories in DEFAULT mode.
2025-09-08 10:57:22 [restartedMain] INFO  o.s.d.r.c.RepositoryConfigurationExtensionSupport - Spring Data JDBC - Could not safely identify store assignment for repository candidate interface com.ecommarce.api.repo.AddToCartRepository; If you want this repository to be a JDBC repository, consider annotating your entities with one of these annotations: org.springframework.data.relational.core.mapping.Table.
2025-09-08 10:57:22 [restartedMain] INFO  o.s.d.r.c.RepositoryConfigurationExtensionSupport - Spring Data JDBC - Could not safely identify store assignment for repository candidate interface com.ecommarce.api.repo.AdderessRepository; If you want this repository to be a JDBC repository, consider annotating your entities with one of these annotations: org.springframework.data.relational.core.mapping.Table.
2025-09-08 10:57:22 [restartedMain] INFO  o.s.d.r.c.RepositoryConfigurationExtensionSupport - Spring Data JDBC - Could not safely identify store assignment for repository candidate interface com.ecommarce.api.repo.BookingProductRepository; If you want this repository to be a JDBC repository, consider annotating your entities with one of these annotations: org.springframework.data.relational.core.mapping.Table.
2025-09-08 10:57:22 [restartedMain] INFO  o.s.d.r.c.RepositoryConfigurationExtensionSupport - Spring Data JDBC - Could not safely identify store assignment for repository candidate interface com.ecommarce.api.repo.CategoryRepository; If you want this repository to be a JDBC repository, consider annotating your entities with one of these annotations: org.springframework.data.relational.core.mapping.Table.
2025-09-08 10:57:22 [restartedMain] INFO  o.s.d.r.c.RepositoryConfigurationExtensionSupport - Spring Data JDBC - Could not safely identify store assignment for repository candidate interface com.ecommarce.api.repo.CityRepository; If you want this repository to be a JDBC repository, consider annotating your entities with one of these annotations: org.springframework.data.relational.core.mapping.Table.
2025-09-08 10:57:22 [restartedMain] INFO  o.s.d.r.c.RepositoryConfigurationExtensionSupport - Spring Data JDBC - Could not safely identify store assignment for repository candidate interface com.ecommarce.api.repo.ContactUsRepository; If you want this repository to be a JDBC repository, consider annotating your entities with one of these annotations: org.springframework.data.relational.core.mapping.Table.
2025-09-08 10:57:22 [restartedMain] INFO  o.s.d.r.c.RepositoryConfigurationExtensionSupport - Spring Data JDBC - Could not safely identify store assignment for repository candidate interface com.ecommarce.api.repo.OrderRepository; If you want this repository to be a JDBC repository, consider annotating your entities with one of these annotations: org.springframework.data.relational.core.mapping.Table.
2025-09-08 10:57:22 [restartedMain] INFO  o.s.d.r.c.RepositoryConfigurationExtensionSupport - Spring Data JDBC - Could not safely identify store assignment for repository candidate interface com.ecommarce.api.repo.ProductRepository; If you want this repository to be a JDBC repository, consider annotating your entities with one of these annotations: org.springframework.data.relational.core.mapping.Table.
2025-09-08 10:57:22 [restartedMain] INFO  o.s.d.r.c.RepositoryConfigurationExtensionSupport - Spring Data JDBC - Could not safely identify store assignment for repository candidate interface com.ecommarce.api.repo.RoleRepository; If you want this repository to be a JDBC repository, consider annotating your entities with one of these annotations: org.springframework.data.relational.core.mapping.Table.
2025-09-08 10:57:22 [restartedMain] INFO  o.s.d.r.c.RepositoryConfigurationExtensionSupport - Spring Data JDBC - Could not safely identify store assignment for repository candidate interface com.ecommarce.api.repo.SizeMasterTableRepository; If you want this repository to be a JDBC repository, consider annotating your entities with one of these annotations: org.springframework.data.relational.core.mapping.Table.
2025-09-08 10:57:22 [restartedMain] INFO  o.s.d.r.c.RepositoryConfigurationExtensionSupport - Spring Data JDBC - Could not safely identify store assignment for repository candidate interface com.ecommarce.api.repo.StateRepository; If you want this repository to be a JDBC repository, consider annotating your entities with one of these annotations: org.springframework.data.relational.core.mapping.Table.
2025-09-08 10:57:22 [restartedMain] INFO  o.s.d.r.c.RepositoryConfigurationExtensionSupport - Spring Data JDBC - Could not safely identify store assignment for repository candidate interface com.ecommarce.api.repo.UploadRepo; If you want this repository to be a JDBC repository, consider annotating your entities with one of these annotations: org.springframework.data.relational.core.mapping.Table.
2025-09-08 10:57:22 [restartedMain] INFO  o.s.d.r.c.RepositoryConfigurationExtensionSupport - Spring Data JDBC - Could not safely identify store assignment for repository candidate interface com.ecommarce.api.repo.UserImageFileRepository; If you want this repository to be a JDBC repository, consider annotating your entities with one of these annotations: org.springframework.data.relational.core.mapping.Table.
2025-09-08 10:57:22 [restartedMain] INFO  o.s.d.r.c.RepositoryConfigurationExtensionSupport - Spring Data JDBC - Could not safely identify store assignment for repository candidate interface com.ecommarce.api.repo.UserRepository; If you want this repository to be a JDBC repository, consider annotating your entities with one of these annotations: org.springframework.data.relational.core.mapping.Table.
2025-09-08 10:57:22 [restartedMain] INFO  o.s.d.r.c.RepositoryConfigurationDelegate - Finished Spring Data repository scanning in 106 ms. Found 0 JDBC repository interfaces.
2025-09-08 10:57:22 [restartedMain] INFO  o.s.d.r.c.RepositoryConfigurationDelegate - Multiple Spring Data modules found, entering strict repository configuration mode
2025-09-08 10:57:22 [restartedMain] INFO  o.s.d.r.c.RepositoryConfigurationDelegate - Bootstrapping Spring Data JPA repositories in DEFAULT mode.
2025-09-08 10:57:22 [restartedMain] INFO  o.s.d.r.c.RepositoryConfigurationDelegate - Finished Spring Data repository scanning in 86 ms. Found 14 JPA repository interfaces.
2025-09-08 10:57:23 [restartedMain] INFO  o.s.b.w.e.tomcat.TomcatWebServer - Tomcat initialized with port(s): 8080 (http)
2025-09-08 10:57:23 [restartedMain] INFO  o.a.catalina.core.StandardService - Starting service [Tomcat]
2025-09-08 10:57:23 [restartedMain] INFO  o.a.catalina.core.StandardEngine - Starting Servlet engine: [Apache Tomcat/9.0.74]
2025-09-08 10:57:24 [restartedMain] INFO  org.apache.jasper.servlet.TldScanner - At least one JAR was scanned for TLDs yet contained no TLDs. Enable debug logging for this logger for a complete list of JARs that were scanned but no TLDs were found in them. Skipping unneeded JARs during scanning can improve startup time and JSP compilation time.
2025-09-08 10:57:24 [restartedMain] INFO  o.a.c.c.C.[Tomcat].[localhost].[/] - Initializing Spring embedded WebApplicationContext
2025-09-08 10:57:24 [restartedMain] INFO  o.s.b.w.s.c.ServletWebServerApplicationContext - Root WebApplicationContext: initialization completed in 4543 ms
2025-09-08 10:57:24 [restartedMain] INFO  o.h.jpa.internal.util.LogHelper - HHH000204: Processing PersistenceUnitInfo [name: default]
2025-09-08 10:57:24 [restartedMain] INFO  org.hibernate.Version - HHH000412: Hibernate ORM core version 5.6.15.Final
2025-09-08 10:57:25 [restartedMain] INFO  o.h.annotations.common.Version - HCANN000001: Hibernate Commons Annotations {5.1.2.Final}
2025-09-08 10:57:29 [restartedMain] INFO  org.hibernate.dialect.Dialect - HHH000400: Using dialect: org.hibernate.dialect.PostgreSQLDialect
2025-09-08 10:57:56 [restartedMain] INFO  o.h.e.t.j.p.i.JtaPlatformInitiator - HHH000490: Using JtaPlatform implementation: [org.hibernate.engine.transaction.jta.platform.internal.NoJtaPlatform]
2025-09-08 10:57:56 [restartedMain] INFO  o.s.o.j.LocalContainerEntityManagerFactoryBean - Initialized JPA EntityManagerFactory for persistence unit 'default'
2025-09-08 10:57:58 [restartedMain] DEBUG c.e.api.security.jwt.AuthTokenFilter - Filter 'authenticationJwtTokenFilter' configured for use
2025-09-08 10:57:59 [restartedMain] INFO  o.s.b.f.a.AutowiredAnnotationBeanPostProcessor - Autowired annotation is not supported on static fields: private static javax.validation.Payload com.ecommarce.api.utility.RandomStringValue.payload
2025-09-08 10:57:59 [restartedMain] INFO  o.s.b.a.w.s.WelcomePageHandlerMapping - Adding welcome page template: index
2025-09-08 10:57:59 [restartedMain] INFO  o.s.s.web.DefaultSecurityFilterChain - Will secure any request with [org.springframework.security.web.session.DisableEncodeUrlFilter@18bb68c0, org.springframework.security.web.context.request.async.WebAsyncManagerIntegrationFilter@1f5bc4ff, org.springframework.security.web.context.SecurityContextPersistenceFilter@10dd7be2, org.springframework.security.web.header.HeaderWriterFilter@7480ec8d, org.springframework.web.filter.CorsFilter@32e26f36, org.springframework.security.web.authentication.logout.LogoutFilter@12a450d4, com.ecommarce.api.security.jwt.AuthTokenFilter@707f539d, com.ecommarce.api.security.jwt.AuthTokenFilter@707f539d, org.springframework.security.web.savedrequest.RequestCacheAwareFilter@1caab1a8, org.springframework.security.web.servletapi.SecurityContextHolderAwareRequestFilter@3b7b444d, org.springframework.security.web.authentication.AnonymousAuthenticationFilter@17dd505d, org.springframework.security.web.session.SessionManagementFilter@70155618, org.springframework.security.web.access.ExceptionTranslationFilter@75c0184, org.springframework.security.web.access.intercept.FilterSecurityInterceptor@7a72545a]
2025-09-08 10:58:03 [restartedMain] WARN  o.s.b.d.a.OptionalLiveReloadServer - Unable to start LiveReload server
2025-09-08 10:58:03 [restartedMain] INFO  o.s.b.w.e.tomcat.TomcatWebServer - Tomcat started on port(s): 8080 (http) with context path ''
2025-09-08 10:58:03 [restartedMain] INFO  c.e.api.EcommarceApiApplication - Started EcommarceApiApplication in 44.604 seconds (JVM running for 45.46)
2025-09-08 10:58:54 [http-nio-8080-exec-1] INFO  o.a.c.c.C.[Tomcat].[localhost].[/] - Initializing Spring DispatcherServlet 'dispatcherServlet'
2025-09-08 10:58:54 [http-nio-8080-exec-1] INFO  o.s.web.servlet.DispatcherServlet - Initializing Servlet 'dispatcherServlet'
2025-09-08 10:58:54 [http-nio-8080-exec-1] INFO  o.s.web.servlet.DispatcherServlet - Completed initialization in 5 ms
2025-09-08 10:58:54 [http-nio-8080-exec-1] INFO  c.e.api.security.jwt.AuthTokenFilter - parsing jwt  :: null
2025-09-08 10:58:54 [http-nio-8080-exec-1] INFO  c.e.api.security.jwt.AuthTokenFilter - Filter Authentication is :null
2025-09-08 10:58:54 [http-nio-8080-exec-2] INFO  c.e.api.security.jwt.AuthTokenFilter - parsing jwt  :: null
2025-09-08 10:58:54 [http-nio-8080-exec-2] INFO  c.e.api.security.jwt.AuthTokenFilter - Filter Authentication is :null
2025-09-08 10:59:00 [http-nio-8080-exec-3] INFO  c.e.api.security.jwt.AuthTokenFilter - parsing jwt  :: null
2025-09-08 10:59:00 [http-nio-8080-exec-3] INFO  c.e.api.security.jwt.AuthTokenFilter - Filter Authentication is :null
2025-09-08 10:59:00 [http-nio-8080-exec-3] DEBUG c.e.a.s.jwt.CacheControlFilter - Cache Controll execute..
2025-09-08 10:59:00 [http-nio-8080-exec-4] INFO  c.e.api.security.jwt.AuthTokenFilter - parsing jwt  :: null
2025-09-08 10:59:00 [http-nio-8080-exec-4] INFO  c.e.api.security.jwt.AuthTokenFilter - Filter Authentication is :null
2025-09-08 10:59:00 [http-nio-8080-exec-4] DEBUG c.e.a.s.jwt.CacheControlFilter - Cache Controll execute..
2025-09-08 10:59:07 [http-nio-8080-exec-4] WARN  c.e.api.controller.PageController - Exceptions All Products Is StatementCallback; bad SQL grammar [SELECT DATE_ADD(CURDATE() , INTERVAL 5 DAY);]; nested exception is org.postgresql.util.PSQLException: ERROR: syntax error at or near "5"
  Position: 38
2025-09-08 10:59:10 [http-nio-8080-exec-6] INFO  c.e.api.security.jwt.AuthTokenFilter - parsing jwt  :: null
2025-09-08 10:59:10 [http-nio-8080-exec-6] INFO  c.e.api.security.jwt.AuthTokenFilter - Filter Authentication is :null
2025-09-08 10:59:10 [http-nio-8080-exec-6] DEBUG c.e.a.s.jwt.CacheControlFilter - Cache Controll execute..
2025-09-08 10:59:10 [http-nio-8080-exec-5] INFO  c.e.api.security.jwt.AuthTokenFilter - parsing jwt  :: null
2025-09-08 10:59:10 [http-nio-8080-exec-5] INFO  c.e.api.security.jwt.AuthTokenFilter - Filter Authentication is :null
2025-09-08 10:59:10 [http-nio-8080-exec-5] DEBUG c.e.a.s.jwt.CacheControlFilter - Cache Controll execute..
2025-09-08 10:59:10 [http-nio-8080-exec-10] INFO  c.e.api.security.jwt.AuthTokenFilter - parsing jwt  :: null
2025-09-08 10:59:10 [http-nio-8080-exec-8] INFO  c.e.api.security.jwt.AuthTokenFilter - parsing jwt  :: null
2025-09-08 10:59:10 [http-nio-8080-exec-9] INFO  c.e.api.security.jwt.AuthTokenFilter - parsing jwt  :: null
2025-09-08 10:59:10 [http-nio-8080-exec-7] INFO  c.e.api.security.jwt.AuthTokenFilter - parsing jwt  :: null
2025-09-08 10:59:10 [http-nio-8080-exec-10] INFO  c.e.api.security.jwt.AuthTokenFilter - Filter Authentication is :null
2025-09-08 10:59:10 [http-nio-8080-exec-7] INFO  c.e.api.security.jwt.AuthTokenFilter - Filter Authentication is :null
2025-09-08 10:59:10 [http-nio-8080-exec-9] INFO  c.e.api.security.jwt.AuthTokenFilter - Filter Authentication is :null
2025-09-08 10:59:10 [http-nio-8080-exec-8] INFO  c.e.api.security.jwt.AuthTokenFilter - Filter Authentication is :null
2025-09-08 10:59:10 [http-nio-8080-exec-9] DEBUG c.e.a.s.jwt.CacheControlFilter - Cache Controll execute..
2025-09-08 10:59:10 [http-nio-8080-exec-10] DEBUG c.e.a.s.jwt.CacheControlFilter - Cache Controll execute..
2025-09-08 10:59:10 [http-nio-8080-exec-8] DEBUG c.e.a.s.jwt.CacheControlFilter - Cache Controll execute..
2025-09-08 10:59:10 [http-nio-8080-exec-7] DEBUG c.e.a.s.jwt.CacheControlFilter - Cache Controll execute..
2025-09-08 10:59:10 [http-nio-8080-exec-2] INFO  c.e.api.security.jwt.AuthTokenFilter - parsing jwt  :: null
2025-09-08 10:59:10 [http-nio-8080-exec-3] INFO  c.e.api.security.jwt.AuthTokenFilter - parsing jwt  :: null
2025-09-08 10:59:10 [http-nio-8080-exec-1] INFO  c.e.api.security.jwt.AuthTokenFilter - parsing jwt  :: null
2025-09-08 10:59:10 [http-nio-8080-exec-2] INFO  c.e.api.security.jwt.AuthTokenFilter - Filter Authentication is :null
2025-09-08 10:59:10 [http-nio-8080-exec-3] INFO  c.e.api.security.jwt.AuthTokenFilter - Filter Authentication is :null
2025-09-08 10:59:10 [http-nio-8080-exec-1] INFO  c.e.api.security.jwt.AuthTokenFilter - Filter Authentication is :null
2025-09-08 10:59:10 [http-nio-8080-exec-2] DEBUG c.e.a.s.jwt.CacheControlFilter - Cache Controll execute..
2025-09-08 10:59:10 [http-nio-8080-exec-3] DEBUG c.e.a.s.jwt.CacheControlFilter - Cache Controll execute..
2025-09-08 10:59:10 [http-nio-8080-exec-1] DEBUG c.e.a.s.jwt.CacheControlFilter - Cache Controll execute..
2025-09-08 10:59:10 [http-nio-8080-exec-4] INFO  c.e.api.security.jwt.AuthTokenFilter - parsing jwt  :: null
2025-09-08 10:59:10 [http-nio-8080-exec-4] INFO  c.e.api.security.jwt.AuthTokenFilter - Filter Authentication is :null
2025-09-08 10:59:10 [http-nio-8080-exec-4] DEBUG c.e.a.s.jwt.CacheControlFilter - Cache Controll execute..
2025-09-08 10:59:10 [http-nio-8080-exec-10] INFO  c.e.api.security.jwt.AuthTokenFilter - parsing jwt  :: null
2025-09-08 10:59:10 [http-nio-8080-exec-6] INFO  c.e.api.security.jwt.AuthTokenFilter - parsing jwt  :: null
2025-09-08 10:59:10 [http-nio-8080-exec-9] INFO  c.e.api.security.jwt.AuthTokenFilter - parsing jwt  :: null
2025-09-08 10:59:10 [http-nio-8080-exec-6] INFO  c.e.api.security.jwt.AuthTokenFilter - Filter Authentication is :null
2025-09-08 10:59:10 [http-nio-8080-exec-10] INFO  c.e.api.security.jwt.AuthTokenFilter - Filter Authentication is :null
2025-09-08 10:59:10 [http-nio-8080-exec-9] INFO  c.e.api.security.jwt.AuthTokenFilter - Filter Authentication is :null
2025-09-08 10:59:10 [http-nio-8080-exec-7] INFO  c.e.api.security.jwt.AuthTokenFilter - parsing jwt  :: null
2025-09-08 10:59:10 [http-nio-8080-exec-8] INFO  c.e.api.security.jwt.AuthTokenFilter - parsing jwt  :: null
2025-09-08 10:59:10 [http-nio-8080-exec-7] INFO  c.e.api.security.jwt.AuthTokenFilter - Filter Authentication is :null
2025-09-08 10:59:10 [http-nio-8080-exec-9] DEBUG c.e.a.s.jwt.CacheControlFilter - Cache Controll execute..
2025-09-08 10:59:10 [http-nio-8080-exec-5] INFO  c.e.api.security.jwt.AuthTokenFilter - parsing jwt  :: null
2025-09-08 10:59:10 [http-nio-8080-exec-10] DEBUG c.e.a.s.jwt.CacheControlFilter - Cache Controll execute..
2025-09-08 10:59:10 [http-nio-8080-exec-5] INFO  c.e.api.security.jwt.AuthTokenFilter - Filter Authentication is :null
2025-09-08 10:59:10 [http-nio-8080-exec-6] DEBUG c.e.a.s.jwt.CacheControlFilter - Cache Controll execute..
2025-09-08 10:59:10 [http-nio-8080-exec-8] INFO  c.e.api.security.jwt.AuthTokenFilter - Filter Authentication is :null
2025-09-08 10:59:10 [http-nio-8080-exec-5] DEBUG c.e.a.s.jwt.CacheControlFilter - Cache Controll execute..
2025-09-08 10:59:10 [http-nio-8080-exec-8] DEBUG c.e.a.s.jwt.CacheControlFilter - Cache Controll execute..
2025-09-08 10:59:10 [http-nio-8080-exec-7] DEBUG c.e.a.s.jwt.CacheControlFilter - Cache Controll execute..
2025-09-08 10:59:10 [http-nio-8080-exec-3] INFO  c.e.api.security.jwt.AuthTokenFilter - parsing jwt  :: null
2025-09-08 10:59:10 [http-nio-8080-exec-3] INFO  c.e.api.security.jwt.AuthTokenFilter - Filter Authentication is :null
2025-09-08 10:59:10 [http-nio-8080-exec-3] DEBUG c.e.a.s.jwt.CacheControlFilter - Cache Controll execute..
2025-09-08 10:59:10 [http-nio-8080-exec-2] INFO  c.e.api.security.jwt.AuthTokenFilter - parsing jwt  :: null
2025-09-08 10:59:10 [http-nio-8080-exec-4] INFO  c.e.api.security.jwt.AuthTokenFilter - parsing jwt  :: null
2025-09-08 10:59:10 [http-nio-8080-exec-2] INFO  c.e.api.security.jwt.AuthTokenFilter - Filter Authentication is :null
2025-09-08 10:59:10 [http-nio-8080-exec-1] INFO  c.e.api.security.jwt.AuthTokenFilter - parsing jwt  :: null
2025-09-08 10:59:10 [http-nio-8080-exec-4] INFO  c.e.api.security.jwt.AuthTokenFilter - Filter Authentication is :null
2025-09-08 10:59:10 [http-nio-8080-exec-1] INFO  c.e.api.security.jwt.AuthTokenFilter - Filter Authentication is :null
2025-09-08 10:59:10 [http-nio-8080-exec-2] DEBUG c.e.a.s.jwt.CacheControlFilter - Cache Controll execute..
2025-09-08 10:59:10 [http-nio-8080-exec-4] DEBUG c.e.a.s.jwt.CacheControlFilter - Cache Controll execute..
2025-09-08 10:59:10 [http-nio-8080-exec-1] DEBUG c.e.a.s.jwt.CacheControlFilter - Cache Controll execute..
2025-09-08 10:59:10 [http-nio-8080-exec-9] INFO  c.e.api.security.jwt.AuthTokenFilter - parsing jwt  :: null
2025-09-08 10:59:10 [http-nio-8080-exec-9] INFO  c.e.api.security.jwt.AuthTokenFilter - Filter Authentication is :null
2025-09-08 10:59:10 [http-nio-8080-exec-9] DEBUG c.e.a.s.jwt.CacheControlFilter - Cache Controll execute..
2025-09-08 10:59:10 [http-nio-8080-exec-10] INFO  c.e.api.security.jwt.AuthTokenFilter - parsing jwt  :: null
2025-09-08 10:59:10 [http-nio-8080-exec-6] INFO  c.e.api.security.jwt.AuthTokenFilter - parsing jwt  :: null
2025-09-08 10:59:10 [http-nio-8080-exec-7] INFO  c.e.api.security.jwt.AuthTokenFilter - parsing jwt  :: null
2025-09-08 10:59:10 [http-nio-8080-exec-10] INFO  c.e.api.security.jwt.AuthTokenFilter - Filter Authentication is :null
2025-09-08 10:59:10 [http-nio-8080-exec-6] INFO  c.e.api.security.jwt.AuthTokenFilter - Filter Authentication is :null
2025-09-08 10:59:10 [http-nio-8080-exec-7] INFO  c.e.api.security.jwt.AuthTokenFilter - Filter Authentication is :null
2025-09-08 10:59:10 [http-nio-8080-exec-10] DEBUG c.e.a.s.jwt.CacheControlFilter - Cache Controll execute..
2025-09-08 10:59:10 [http-nio-8080-exec-7] DEBUG c.e.a.s.jwt.CacheControlFilter - Cache Controll execute..
2025-09-08 10:59:10 [http-nio-8080-exec-6] DEBUG c.e.a.s.jwt.CacheControlFilter - Cache Controll execute..
2025-09-08 10:59:10 [http-nio-8080-exec-8] INFO  c.e.api.security.jwt.AuthTokenFilter - parsing jwt  :: null
2025-09-08 10:59:10 [http-nio-8080-exec-8] INFO  c.e.api.security.jwt.AuthTokenFilter - Filter Authentication is :null
2025-09-08 10:59:10 [http-nio-8080-exec-8] DEBUG c.e.a.s.jwt.CacheControlFilter - Cache Controll execute..
2025-09-08 10:59:10 [http-nio-8080-exec-1] INFO  c.e.api.security.jwt.AuthTokenFilter - parsing jwt  :: null
2025-09-08 10:59:10 [http-nio-8080-exec-1] INFO  c.e.api.security.jwt.AuthTokenFilter - Filter Authentication is :null
2025-09-08 10:59:10 [http-nio-8080-exec-1] DEBUG c.e.a.s.jwt.CacheControlFilter - Cache Controll execute..
2025-09-08 10:59:10 [http-nio-8080-exec-4] INFO  c.e.api.security.jwt.AuthTokenFilter - parsing jwt  :: null
2025-09-08 10:59:10 [http-nio-8080-exec-4] INFO  c.e.api.security.jwt.AuthTokenFilter - Filter Authentication is :null
2025-09-08 10:59:10 [http-nio-8080-exec-4] DEBUG c.e.a.s.jwt.CacheControlFilter - Cache Controll execute..
2025-09-08 10:59:10 [http-nio-8080-exec-2] INFO  c.e.api.security.jwt.AuthTokenFilter - parsing jwt  :: null
2025-09-08 10:59:10 [http-nio-8080-exec-2] INFO  c.e.api.security.jwt.AuthTokenFilter - Filter Authentication is :null
2025-09-08 10:59:10 [http-nio-8080-exec-2] DEBUG c.e.a.s.jwt.CacheControlFilter - Cache Controll execute..
2025-09-08 10:59:10 [http-nio-8080-exec-10] INFO  c.e.api.security.jwt.AuthTokenFilter - parsing jwt  :: null
2025-09-08 10:59:10 [http-nio-8080-exec-6] INFO  c.e.api.security.jwt.AuthTokenFilter - parsing jwt  :: null
2025-09-08 10:59:10 [http-nio-8080-exec-1] INFO  c.e.api.security.jwt.AuthTokenFilter - parsing jwt  :: null
2025-09-08 10:59:10 [http-nio-8080-exec-6] INFO  c.e.api.security.jwt.AuthTokenFilter - Filter Authentication is :null
2025-09-08 10:59:10 [http-nio-8080-exec-10] INFO  c.e.api.security.jwt.AuthTokenFilter - Filter Authentication is :null
2025-09-08 10:59:10 [http-nio-8080-exec-7] INFO  c.e.api.security.jwt.AuthTokenFilter - parsing jwt  :: null
2025-09-08 10:59:10 [http-nio-8080-exec-1] INFO  c.e.api.security.jwt.AuthTokenFilter - Filter Authentication is :null
2025-09-08 10:59:10 [http-nio-8080-exec-7] INFO  c.e.api.security.jwt.AuthTokenFilter - Filter Authentication is :null
2025-09-08 10:59:10 [http-nio-8080-exec-8] INFO  c.e.api.security.jwt.AuthTokenFilter - parsing jwt  :: null
2025-09-08 10:59:10 [http-nio-8080-exec-7] DEBUG c.e.a.s.jwt.CacheControlFilter - Cache Controll execute..
2025-09-08 10:59:10 [http-nio-8080-exec-1] DEBUG c.e.a.s.jwt.CacheControlFilter - Cache Controll execute..
2025-09-08 10:59:10 [http-nio-8080-exec-6] DEBUG c.e.a.s.jwt.CacheControlFilter - Cache Controll execute..
2025-09-08 10:59:10 [http-nio-8080-exec-10] DEBUG c.e.a.s.jwt.CacheControlFilter - Cache Controll execute..
2025-09-08 10:59:10 [http-nio-8080-exec-8] INFO  c.e.api.security.jwt.AuthTokenFilter - Filter Authentication is :null
2025-09-08 10:59:10 [http-nio-8080-exec-8] DEBUG c.e.a.s.jwt.CacheControlFilter - Cache Controll execute..
2025-09-08 10:59:10 [http-nio-8080-exec-3] INFO  c.e.api.security.jwt.AuthTokenFilter - parsing jwt  :: null
2025-09-08 10:59:10 [http-nio-8080-exec-3] INFO  c.e.api.security.jwt.AuthTokenFilter - Filter Authentication is :null
2025-09-08 10:59:10 [http-nio-8080-exec-3] DEBUG c.e.a.s.jwt.CacheControlFilter - Cache Controll execute..
2025-09-08 11:05:27 [File Watcher] INFO  o.s.b.d.a.LocalDevToolsAutoConfiguration$RestartingClassPathChangeChangedEventListener - Restarting due to 1 class path change (0 additions, 0 deletions, 1 modification)
2025-09-08 11:05:27 [Thread-1] INFO  o.a.catalina.core.StandardService - Stopping service [Tomcat]
2025-09-08 11:05:27 [Thread-1] INFO  o.a.c.c.C.[Tomcat].[localhost].[/] - Destroying Spring FrameworkServlet 'dispatcherServlet'
2025-09-08 11:05:27 [Thread-1] INFO  o.s.o.j.LocalContainerEntityManagerFactoryBean - Closing JPA EntityManagerFactory for persistence unit 'default'
2025-09-08 11:05:27 [restartedMain] INFO  c.e.api.EcommarceApiApplication - Starting EcommarceApiApplication using Java 17.0.12 on DESKTOP-A2NSFGM with PID 28020 (C:\Users\Precise\Downloads\microservice-main (1)\microservice-main\EcommarceApi\target\classes started by Precise in C:\Users\Precise\Downloads\microservice-main (1)\microservice-main\EcommarceApi)
2025-09-08 11:05:27 [restartedMain] DEBUG c.e.api.EcommarceApiApplication - Running with Spring Boot v2.7.11, Spring v5.3.27
2025-09-08 11:05:27 [restartedMain] INFO  c.e.api.EcommarceApiApplication - The following 1 profile is active: "PROD"
2025-09-08 11:05:27 [restartedMain] INFO  o.s.d.r.c.RepositoryConfigurationDelegate - Multiple Spring Data modules found, entering strict repository configuration mode
2025-09-08 11:05:27 [restartedMain] INFO  o.s.d.r.c.RepositoryConfigurationDelegate - Bootstrapping Spring Data JDBC repositories in DEFAULT mode.
2025-09-08 11:05:27 [restartedMain] INFO  o.s.d.r.c.RepositoryConfigurationExtensionSupport - Spring Data JDBC - Could not safely identify store assignment for repository candidate interface com.ecommarce.api.repo.AddToCartRepository; If you want this repository to be a JDBC repository, consider annotating your entities with one of these annotations: org.springframework.data.relational.core.mapping.Table.
2025-09-08 11:05:27 [restartedMain] INFO  o.s.d.r.c.RepositoryConfigurationExtensionSupport - Spring Data JDBC - Could not safely identify store assignment for repository candidate interface com.ecommarce.api.repo.AdderessRepository; If you want this repository to be a JDBC repository, consider annotating your entities with one of these annotations: org.springframework.data.relational.core.mapping.Table.
2025-09-08 11:05:27 [restartedMain] INFO  o.s.d.r.c.RepositoryConfigurationExtensionSupport - Spring Data JDBC - Could not safely identify store assignment for repository candidate interface com.ecommarce.api.repo.BookingProductRepository; If you want this repository to be a JDBC repository, consider annotating your entities with one of these annotations: org.springframework.data.relational.core.mapping.Table.
2025-09-08 11:05:27 [restartedMain] INFO  o.s.d.r.c.RepositoryConfigurationExtensionSupport - Spring Data JDBC - Could not safely identify store assignment for repository candidate interface com.ecommarce.api.repo.CategoryRepository; If you want this repository to be a JDBC repository, consider annotating your entities with one of these annotations: org.springframework.data.relational.core.mapping.Table.
2025-09-08 11:05:27 [restartedMain] INFO  o.s.d.r.c.RepositoryConfigurationExtensionSupport - Spring Data JDBC - Could not safely identify store assignment for repository candidate interface com.ecommarce.api.repo.CityRepository; If you want this repository to be a JDBC repository, consider annotating your entities with one of these annotations: org.springframework.data.relational.core.mapping.Table.
2025-09-08 11:05:27 [restartedMain] INFO  o.s.d.r.c.RepositoryConfigurationExtensionSupport - Spring Data JDBC - Could not safely identify store assignment for repository candidate interface com.ecommarce.api.repo.ContactUsRepository; If you want this repository to be a JDBC repository, consider annotating your entities with one of these annotations: org.springframework.data.relational.core.mapping.Table.
2025-09-08 11:05:27 [restartedMain] INFO  o.s.d.r.c.RepositoryConfigurationExtensionSupport - Spring Data JDBC - Could not safely identify store assignment for repository candidate interface com.ecommarce.api.repo.OrderRepository; If you want this repository to be a JDBC repository, consider annotating your entities with one of these annotations: org.springframework.data.relational.core.mapping.Table.
2025-09-08 11:05:27 [restartedMain] INFO  o.s.d.r.c.RepositoryConfigurationExtensionSupport - Spring Data JDBC - Could not safely identify store assignment for repository candidate interface com.ecommarce.api.repo.ProductRepository; If you want this repository to be a JDBC repository, consider annotating your entities with one of these annotations: org.springframework.data.relational.core.mapping.Table.
2025-09-08 11:05:27 [restartedMain] INFO  o.s.d.r.c.RepositoryConfigurationExtensionSupport - Spring Data JDBC - Could not safely identify store assignment for repository candidate interface com.ecommarce.api.repo.RoleRepository; If you want this repository to be a JDBC repository, consider annotating your entities with one of these annotations: org.springframework.data.relational.core.mapping.Table.
2025-09-08 11:05:27 [restartedMain] INFO  o.s.d.r.c.RepositoryConfigurationExtensionSupport - Spring Data JDBC - Could not safely identify store assignment for repository candidate interface com.ecommarce.api.repo.SizeMasterTableRepository; If you want this repository to be a JDBC repository, consider annotating your entities with one of these annotations: org.springframework.data.relational.core.mapping.Table.
2025-09-08 11:05:27 [restartedMain] INFO  o.s.d.r.c.RepositoryConfigurationExtensionSupport - Spring Data JDBC - Could not safely identify store assignment for repository candidate interface com.ecommarce.api.repo.StateRepository; If you want this repository to be a JDBC repository, consider annotating your entities with one of these annotations: org.springframework.data.relational.core.mapping.Table.
2025-09-08 11:05:27 [restartedMain] INFO  o.s.d.r.c.RepositoryConfigurationExtensionSupport - Spring Data JDBC - Could not safely identify store assignment for repository candidate interface com.ecommarce.api.repo.UploadRepo; If you want this repository to be a JDBC repository, consider annotating your entities with one of these annotations: org.springframework.data.relational.core.mapping.Table.
2025-09-08 11:05:27 [restartedMain] INFO  o.s.d.r.c.RepositoryConfigurationExtensionSupport - Spring Data JDBC - Could not safely identify store assignment for repository candidate interface com.ecommarce.api.repo.UserImageFileRepository; If you want this repository to be a JDBC repository, consider annotating your entities with one of these annotations: org.springframework.data.relational.core.mapping.Table.
2025-09-08 11:05:27 [restartedMain] INFO  o.s.d.r.c.RepositoryConfigurationExtensionSupport - Spring Data JDBC - Could not safely identify store assignment for repository candidate interface com.ecommarce.api.repo.UserRepository; If you want this repository to be a JDBC repository, consider annotating your entities with one of these annotations: org.springframework.data.relational.core.mapping.Table.
2025-09-08 11:05:27 [restartedMain] INFO  o.s.d.r.c.RepositoryConfigurationDelegate - Finished Spring Data repository scanning in 37 ms. Found 0 JDBC repository interfaces.
2025-09-08 11:05:27 [restartedMain] INFO  o.s.d.r.c.RepositoryConfigurationDelegate - Multiple Spring Data modules found, entering strict repository configuration mode
2025-09-08 11:05:27 [restartedMain] INFO  o.s.d.r.c.RepositoryConfigurationDelegate - Bootstrapping Spring Data JPA repositories in DEFAULT mode.
2025-09-08 11:05:27 [restartedMain] INFO  o.s.d.r.c.RepositoryConfigurationDelegate - Finished Spring Data repository scanning in 36 ms. Found 14 JPA repository interfaces.
2025-09-08 11:05:27 [restartedMain] INFO  o.s.b.w.e.tomcat.TomcatWebServer - Tomcat initialized with port(s): 8080 (http)
2025-09-08 11:05:27 [restartedMain] INFO  o.a.catalina.core.StandardService - Starting service [Tomcat]
2025-09-08 11:05:27 [restartedMain] INFO  o.a.catalina.core.StandardEngine - Starting Servlet engine: [Apache Tomcat/9.0.74]
2025-09-08 11:05:28 [restartedMain] INFO  org.apache.jasper.servlet.TldScanner - At least one JAR was scanned for TLDs yet contained no TLDs. Enable debug logging for this logger for a complete list of JARs that were scanned but no TLDs were found in them. Skipping unneeded JARs during scanning can improve startup time and JSP compilation time.
2025-09-08 11:05:28 [restartedMain] INFO  o.a.c.c.C.[Tomcat].[localhost].[/] - Initializing Spring embedded WebApplicationContext
2025-09-08 11:05:28 [restartedMain] INFO  o.s.b.w.s.c.ServletWebServerApplicationContext - Root WebApplicationContext: initialization completed in 535 ms
2025-09-08 11:05:28 [restartedMain] INFO  o.h.jpa.internal.util.LogHelper - HHH000204: Processing PersistenceUnitInfo [name: default]
2025-09-08 11:05:32 [restartedMain] INFO  org.hibernate.dialect.Dialect - HHH000400: Using dialect: org.hibernate.dialect.PostgreSQLDialect
2025-09-08 11:05:54 [restartedMain] INFO  c.e.api.EcommarceApiApplication - Starting EcommarceApiApplication using Java 17.0.12 on DESKTOP-A2NSFGM with PID 15444 (C:\Users\Precise\Downloads\microservice-main (1)\microservice-main\EcommarceApi\target\classes started by Precise in C:\Users\Precise\Downloads\microservice-main (1)\microservice-main\EcommarceApi)
2025-09-08 11:05:54 [restartedMain] DEBUG c.e.api.EcommarceApiApplication - Running with Spring Boot v2.7.11, Spring v5.3.27
2025-09-08 11:05:54 [restartedMain] INFO  c.e.api.EcommarceApiApplication - The following 1 profile is active: "PROD"
2025-09-08 11:05:54 [restartedMain] INFO  o.s.b.d.e.DevToolsPropertyDefaultsPostProcessor - Devtools property defaults active! Set 'spring.devtools.add-properties' to 'false' to disable
2025-09-08 11:05:54 [restartedMain] INFO  o.s.b.d.e.DevToolsPropertyDefaultsPostProcessor - For additional web related logging consider setting the 'logging.level.web' property to 'DEBUG'
2025-09-08 11:05:55 [restartedMain] INFO  o.s.d.r.c.RepositoryConfigurationDelegate - Multiple Spring Data modules found, entering strict repository configuration mode
2025-09-08 11:05:55 [restartedMain] INFO  o.s.d.r.c.RepositoryConfigurationDelegate - Bootstrapping Spring Data JDBC repositories in DEFAULT mode.
2025-09-08 11:05:55 [restartedMain] INFO  o.s.d.r.c.RepositoryConfigurationExtensionSupport - Spring Data JDBC - Could not safely identify store assignment for repository candidate interface com.ecommarce.api.repo.AddToCartRepository; If you want this repository to be a JDBC repository, consider annotating your entities with one of these annotations: org.springframework.data.relational.core.mapping.Table.
2025-09-08 11:05:55 [restartedMain] INFO  o.s.d.r.c.RepositoryConfigurationExtensionSupport - Spring Data JDBC - Could not safely identify store assignment for repository candidate interface com.ecommarce.api.repo.AdderessRepository; If you want this repository to be a JDBC repository, consider annotating your entities with one of these annotations: org.springframework.data.relational.core.mapping.Table.
2025-09-08 11:05:55 [restartedMain] INFO  o.s.d.r.c.RepositoryConfigurationExtensionSupport - Spring Data JDBC - Could not safely identify store assignment for repository candidate interface com.ecommarce.api.repo.BookingProductRepository; If you want this repository to be a JDBC repository, consider annotating your entities with one of these annotations: org.springframework.data.relational.core.mapping.Table.
2025-09-08 11:05:55 [restartedMain] INFO  o.s.d.r.c.RepositoryConfigurationExtensionSupport - Spring Data JDBC - Could not safely identify store assignment for repository candidate interface com.ecommarce.api.repo.CategoryRepository; If you want this repository to be a JDBC repository, consider annotating your entities with one of these annotations: org.springframework.data.relational.core.mapping.Table.
2025-09-08 11:05:55 [restartedMain] INFO  o.s.d.r.c.RepositoryConfigurationExtensionSupport - Spring Data JDBC - Could not safely identify store assignment for repository candidate interface com.ecommarce.api.repo.CityRepository; If you want this repository to be a JDBC repository, consider annotating your entities with one of these annotations: org.springframework.data.relational.core.mapping.Table.
2025-09-08 11:05:55 [restartedMain] INFO  o.s.d.r.c.RepositoryConfigurationExtensionSupport - Spring Data JDBC - Could not safely identify store assignment for repository candidate interface com.ecommarce.api.repo.ContactUsRepository; If you want this repository to be a JDBC repository, consider annotating your entities with one of these annotations: org.springframework.data.relational.core.mapping.Table.
2025-09-08 11:05:55 [restartedMain] INFO  o.s.d.r.c.RepositoryConfigurationExtensionSupport - Spring Data JDBC - Could not safely identify store assignment for repository candidate interface com.ecommarce.api.repo.OrderRepository; If you want this repository to be a JDBC repository, consider annotating your entities with one of these annotations: org.springframework.data.relational.core.mapping.Table.
2025-09-08 11:05:55 [restartedMain] INFO  o.s.d.r.c.RepositoryConfigurationExtensionSupport - Spring Data JDBC - Could not safely identify store assignment for repository candidate interface com.ecommarce.api.repo.ProductRepository; If you want this repository to be a JDBC repository, consider annotating your entities with one of these annotations: org.springframework.data.relational.core.mapping.Table.
2025-09-08 11:05:55 [restartedMain] INFO  o.s.d.r.c.RepositoryConfigurationExtensionSupport - Spring Data JDBC - Could not safely identify store assignment for repository candidate interface com.ecommarce.api.repo.RoleRepository; If you want this repository to be a JDBC repository, consider annotating your entities with one of these annotations: org.springframework.data.relational.core.mapping.Table.
2025-09-08 11:05:55 [restartedMain] INFO  o.s.d.r.c.RepositoryConfigurationExtensionSupport - Spring Data JDBC - Could not safely identify store assignment for repository candidate interface com.ecommarce.api.repo.SizeMasterTableRepository; If you want this repository to be a JDBC repository, consider annotating your entities with one of these annotations: org.springframework.data.relational.core.mapping.Table.
2025-09-08 11:05:55 [restartedMain] INFO  o.s.d.r.c.RepositoryConfigurationExtensionSupport - Spring Data JDBC - Could not safely identify store assignment for repository candidate interface com.ecommarce.api.repo.StateRepository; If you want this repository to be a JDBC repository, consider annotating your entities with one of these annotations: org.springframework.data.relational.core.mapping.Table.
2025-09-08 11:05:55 [restartedMain] INFO  o.s.d.r.c.RepositoryConfigurationExtensionSupport - Spring Data JDBC - Could not safely identify store assignment for repository candidate interface com.ecommarce.api.repo.UploadRepo; If you want this repository to be a JDBC repository, consider annotating your entities with one of these annotations: org.springframework.data.relational.core.mapping.Table.
2025-09-08 11:05:55 [restartedMain] INFO  o.s.d.r.c.RepositoryConfigurationExtensionSupport - Spring Data JDBC - Could not safely identify store assignment for repository candidate interface com.ecommarce.api.repo.UserImageFileRepository; If you want this repository to be a JDBC repository, consider annotating your entities with one of these annotations: org.springframework.data.relational.core.mapping.Table.
2025-09-08 11:05:55 [restartedMain] INFO  o.s.d.r.c.RepositoryConfigurationExtensionSupport - Spring Data JDBC - Could not safely identify store assignment for repository candidate interface com.ecommarce.api.repo.UserRepository; If you want this repository to be a JDBC repository, consider annotating your entities with one of these annotations: org.springframework.data.relational.core.mapping.Table.
2025-09-08 11:05:55 [restartedMain] INFO  o.s.d.r.c.RepositoryConfigurationDelegate - Finished Spring Data repository scanning in 57 ms. Found 0 JDBC repository interfaces.
2025-09-08 11:05:55 [restartedMain] INFO  o.s.d.r.c.RepositoryConfigurationDelegate - Multiple Spring Data modules found, entering strict repository configuration mode
2025-09-08 11:05:55 [restartedMain] INFO  o.s.d.r.c.RepositoryConfigurationDelegate - Bootstrapping Spring Data JPA repositories in DEFAULT mode.
2025-09-08 11:05:55 [restartedMain] INFO  o.s.d.r.c.RepositoryConfigurationDelegate - Finished Spring Data repository scanning in 58 ms. Found 14 JPA repository interfaces.
2025-09-08 11:05:56 [restartedMain] INFO  o.s.b.w.e.tomcat.TomcatWebServer - Tomcat initialized with port(s): 8080 (http)
2025-09-08 11:05:56 [restartedMain] INFO  o.a.catalina.core.StandardService - Starting service [Tomcat]
2025-09-08 11:05:56 [restartedMain] INFO  o.a.catalina.core.StandardEngine - Starting Servlet engine: [Apache Tomcat/9.0.74]
2025-09-08 11:05:56 [restartedMain] INFO  org.apache.jasper.servlet.TldScanner - At least one JAR was scanned for TLDs yet contained no TLDs. Enable debug logging for this logger for a complete list of JARs that were scanned but no TLDs were found in them. Skipping unneeded JARs during scanning can improve startup time and JSP compilation time.
2025-09-08 11:05:56 [restartedMain] INFO  o.a.c.c.C.[Tomcat].[localhost].[/] - Initializing Spring embedded WebApplicationContext
2025-09-08 11:05:56 [restartedMain] INFO  o.s.b.w.s.c.ServletWebServerApplicationContext - Root WebApplicationContext: initialization completed in 1637 ms
2025-09-08 11:05:56 [restartedMain] INFO  o.h.jpa.internal.util.LogHelper - HHH000204: Processing PersistenceUnitInfo [name: default]
2025-09-08 11:05:56 [restartedMain] INFO  org.hibernate.Version - HHH000412: Hibernate ORM core version 5.6.15.Final
2025-09-08 11:05:56 [restartedMain] INFO  o.h.annotations.common.Version - HCANN000001: Hibernate Commons Annotations {5.1.2.Final}
2025-09-08 11:06:01 [restartedMain] INFO  org.hibernate.dialect.Dialect - HHH000400: Using dialect: org.hibernate.dialect.PostgreSQLDialect
2025-09-08 11:06:25 [restartedMain] INFO  o.h.e.t.j.p.i.JtaPlatformInitiator - HHH000490: Using JtaPlatform implementation: [org.hibernate.engine.transaction.jta.platform.internal.NoJtaPlatform]
2025-09-08 11:06:25 [restartedMain] INFO  o.s.o.j.LocalContainerEntityManagerFactoryBean - Initialized JPA EntityManagerFactory for persistence unit 'default'
2025-09-08 11:06:26 [restartedMain] DEBUG c.e.api.security.jwt.AuthTokenFilter - Filter 'authenticationJwtTokenFilter' configured for use
2025-09-08 11:06:26 [restartedMain] INFO  o.s.b.f.a.AutowiredAnnotationBeanPostProcessor - Autowired annotation is not supported on static fields: private static javax.validation.Payload com.ecommarce.api.utility.RandomStringValue.payload
2025-09-08 11:06:26 [restartedMain] INFO  o.s.b.a.w.s.WelcomePageHandlerMapping - Adding welcome page template: index
2025-09-08 11:06:27 [restartedMain] INFO  o.s.s.web.DefaultSecurityFilterChain - Will secure any request with [org.springframework.security.web.session.DisableEncodeUrlFilter@37e6473a, org.springframework.security.web.context.request.async.WebAsyncManagerIntegrationFilter@6758186e, org.springframework.security.web.context.SecurityContextPersistenceFilter@2e03bc78, org.springframework.security.web.header.HeaderWriterFilter@6adac7a4, org.springframework.web.filter.CorsFilter@173059f9, org.springframework.security.web.authentication.logout.LogoutFilter@684892f2, com.ecommarce.api.security.jwt.AuthTokenFilter@c237d49, com.ecommarce.api.security.jwt.AuthTokenFilter@c237d49, org.springframework.security.web.savedrequest.RequestCacheAwareFilter@191d2a78, org.springframework.security.web.servletapi.SecurityContextHolderAwareRequestFilter@543fc2, org.springframework.security.web.authentication.AnonymousAuthenticationFilter@322f5531, org.springframework.security.web.session.SessionManagementFilter@5e71dfa2, org.springframework.security.web.access.ExceptionTranslationFilter@2dcf6a33, org.springframework.security.web.access.intercept.FilterSecurityInterceptor@4bc7afac]
2025-09-08 11:06:31 [restartedMain] WARN  o.s.b.d.a.OptionalLiveReloadServer - Unable to start LiveReload server
2025-09-08 11:06:31 [restartedMain] INFO  o.s.b.w.e.tomcat.TomcatWebServer - Tomcat started on port(s): 8080 (http) with context path ''
2025-09-08 11:06:31 [restartedMain] INFO  c.e.api.EcommarceApiApplication - Started EcommarceApiApplication in 37.388 seconds (JVM running for 37.856)
2025-09-08 11:06:43 [http-nio-8080-exec-3] INFO  o.a.c.c.C.[Tomcat].[localhost].[/] - Initializing Spring DispatcherServlet 'dispatcherServlet'
2025-09-08 11:06:43 [http-nio-8080-exec-3] INFO  o.s.web.servlet.DispatcherServlet - Initializing Servlet 'dispatcherServlet'
2025-09-08 11:06:43 [http-nio-8080-exec-3] INFO  o.s.web.servlet.DispatcherServlet - Completed initialization in 1 ms
2025-09-08 11:06:43 [http-nio-8080-exec-3] INFO  c.e.api.security.jwt.AuthTokenFilter - parsing jwt  :: null
2025-09-08 11:06:43 [http-nio-8080-exec-3] INFO  c.e.api.security.jwt.AuthTokenFilter - Filter Authentication is :null
2025-09-08 11:06:43 [http-nio-8080-exec-3] DEBUG c.e.a.s.jwt.CacheControlFilter - Cache Controll execute..
2025-09-08 11:06:54 [http-nio-8080-exec-3] INFO  c.e.a.serviceimpl.ProductServiceImpl - total products 0
2025-09-08 11:06:54 [http-nio-8080-exec-3] INFO  c.e.api.controller.PageController - totalProducts2 :-- 0
2025-09-08 11:06:55 [http-nio-8080-exec-3] INFO  c.e.a.serviceimpl.ProductServiceImpl - total products 0
2025-09-08 11:06:55 [http-nio-8080-exec-3] INFO  c.e.api.controller.PageController - total products is ::0
2025-09-08 11:06:56 [http-nio-8080-exec-3] INFO  c.e.a.serviceimpl.ProductServiceImpl - Product Service executed ..[]
2025-09-08 11:06:56 [http-nio-8080-exec-3] WARN  c.e.api.controller.PageController - Null Pointer Exception  Products Is Cannot invoke "java.util.List.size()" because "allProduct" is null
2025-09-08 11:06:56 [http-nio-8080-exec-3] WARN  c.e.api.controller.PageController - Exceptions All Products Is Cannot invoke "java.util.List.size()" because "allProduct" is null
2025-09-08 11:06:57 [http-nio-8080-exec-6] INFO  c.e.api.security.jwt.AuthTokenFilter - parsing jwt  :: null
2025-09-08 11:06:57 [http-nio-8080-exec-6] INFO  c.e.api.security.jwt.AuthTokenFilter - Filter Authentication is :null
2025-09-08 11:06:57 [http-nio-8080-exec-1] INFO  c.e.api.security.jwt.AuthTokenFilter - parsing jwt  :: null
2025-09-08 11:06:57 [http-nio-8080-exec-2] INFO  c.e.api.security.jwt.AuthTokenFilter - parsing jwt  :: null
2025-09-08 11:06:57 [http-nio-8080-exec-7] INFO  c.e.api.security.jwt.AuthTokenFilter - parsing jwt  :: null
2025-09-08 11:06:57 [http-nio-8080-exec-5] INFO  c.e.api.security.jwt.AuthTokenFilter - parsing jwt  :: null
2025-09-08 11:06:57 [http-nio-8080-exec-6] DEBUG c.e.a.s.jwt.CacheControlFilter - Cache Controll execute..
2025-09-08 11:06:57 [http-nio-8080-exec-4] INFO  c.e.api.security.jwt.AuthTokenFilter - parsing jwt  :: null
2025-09-08 11:06:57 [http-nio-8080-exec-7] INFO  c.e.api.security.jwt.AuthTokenFilter - Filter Authentication is :null
2025-09-08 11:06:57 [http-nio-8080-exec-2] INFO  c.e.api.security.jwt.AuthTokenFilter - Filter Authentication is :null
2025-09-08 11:06:57 [http-nio-8080-exec-4] INFO  c.e.api.security.jwt.AuthTokenFilter - Filter Authentication is :null
2025-09-08 11:06:57 [http-nio-8080-exec-1] INFO  c.e.api.security.jwt.AuthTokenFilter - Filter Authentication is :null
2025-09-08 11:06:57 [http-nio-8080-exec-5] INFO  c.e.api.security.jwt.AuthTokenFilter - Filter Authentication is :null
2025-09-08 11:06:57 [http-nio-8080-exec-7] DEBUG c.e.a.s.jwt.CacheControlFilter - Cache Controll execute..
2025-09-08 11:06:57 [http-nio-8080-exec-1] DEBUG c.e.a.s.jwt.CacheControlFilter - Cache Controll execute..
2025-09-08 11:06:57 [http-nio-8080-exec-2] DEBUG c.e.a.s.jwt.CacheControlFilter - Cache Controll execute..
2025-09-08 11:06:57 [http-nio-8080-exec-5] DEBUG c.e.a.s.jwt.CacheControlFilter - Cache Controll execute..
2025-09-08 11:06:57 [http-nio-8080-exec-4] DEBUG c.e.a.s.jwt.CacheControlFilter - Cache Controll execute..
2025-09-08 11:06:57 [http-nio-8080-exec-9] INFO  c.e.api.security.jwt.AuthTokenFilter - parsing jwt  :: null
2025-09-08 11:06:57 [http-nio-8080-exec-8] INFO  c.e.api.security.jwt.AuthTokenFilter - parsing jwt  :: null
2025-09-08 11:06:57 [http-nio-8080-exec-3] INFO  c.e.api.security.jwt.AuthTokenFilter - parsing jwt  :: null
2025-09-08 11:06:57 [http-nio-8080-exec-9] INFO  c.e.api.security.jwt.AuthTokenFilter - Filter Authentication is :null
2025-09-08 11:06:57 [http-nio-8080-exec-8] INFO  c.e.api.security.jwt.AuthTokenFilter - Filter Authentication is :null
2025-09-08 11:06:57 [http-nio-8080-exec-3] INFO  c.e.api.security.jwt.AuthTokenFilter - Filter Authentication is :null
2025-09-08 11:06:57 [http-nio-8080-exec-10] INFO  c.e.api.security.jwt.AuthTokenFilter - parsing jwt  :: null
2025-09-08 11:06:57 [http-nio-8080-exec-10] INFO  c.e.api.security.jwt.AuthTokenFilter - Filter Authentication is :null
2025-09-08 11:06:57 [http-nio-8080-exec-9] DEBUG c.e.a.s.jwt.CacheControlFilter - Cache Controll execute..
2025-09-08 11:06:57 [http-nio-8080-exec-3] DEBUG c.e.a.s.jwt.CacheControlFilter - Cache Controll execute..
2025-09-08 11:06:57 [http-nio-8080-exec-8] DEBUG c.e.a.s.jwt.CacheControlFilter - Cache Controll execute..
2025-09-08 11:06:57 [http-nio-8080-exec-10] DEBUG c.e.a.s.jwt.CacheControlFilter - Cache Controll execute..
2025-09-08 11:06:57 [http-nio-8080-exec-7] INFO  c.e.api.security.jwt.AuthTokenFilter - parsing jwt  :: null
2025-09-08 11:06:57 [http-nio-8080-exec-7] INFO  c.e.api.security.jwt.AuthTokenFilter - Filter Authentication is :null
2025-09-08 11:06:57 [http-nio-8080-exec-7] DEBUG c.e.a.s.jwt.CacheControlFilter - Cache Controll execute..
2025-09-08 11:06:57 [http-nio-8080-exec-5] INFO  c.e.api.security.jwt.AuthTokenFilter - parsing jwt  :: null
2025-09-08 11:06:57 [http-nio-8080-exec-5] INFO  c.e.api.security.jwt.AuthTokenFilter - Filter Authentication is :null
2025-09-08 11:06:57 [http-nio-8080-exec-5] DEBUG c.e.a.s.jwt.CacheControlFilter - Cache Controll execute..
2025-09-08 11:06:57 [http-nio-8080-exec-4] INFO  c.e.api.security.jwt.AuthTokenFilter - parsing jwt  :: null
2025-09-08 11:06:57 [http-nio-8080-exec-2] INFO  c.e.api.security.jwt.AuthTokenFilter - parsing jwt  :: null
2025-09-08 11:06:57 [http-nio-8080-exec-1] INFO  c.e.api.security.jwt.AuthTokenFilter - parsing jwt  :: null
2025-09-08 11:06:57 [http-nio-8080-exec-1] INFO  c.e.api.security.jwt.AuthTokenFilter - Filter Authentication is :null
2025-09-08 11:06:57 [http-nio-8080-exec-2] INFO  c.e.api.security.jwt.AuthTokenFilter - Filter Authentication is :null
2025-09-08 11:06:57 [http-nio-8080-exec-4] INFO  c.e.api.security.jwt.AuthTokenFilter - Filter Authentication is :null
2025-09-08 11:06:57 [http-nio-8080-exec-6] INFO  c.e.api.security.jwt.AuthTokenFilter - parsing jwt  :: null
2025-09-08 11:06:57 [http-nio-8080-exec-9] INFO  c.e.api.security.jwt.AuthTokenFilter - parsing jwt  :: null
2025-09-08 11:06:57 [http-nio-8080-exec-6] INFO  c.e.api.security.jwt.AuthTokenFilter - Filter Authentication is :null
2025-09-08 11:06:57 [http-nio-8080-exec-9] INFO  c.e.api.security.jwt.AuthTokenFilter - Filter Authentication is :null
2025-09-08 11:06:57 [http-nio-8080-exec-10] INFO  c.e.api.security.jwt.AuthTokenFilter - parsing jwt  :: null
2025-09-08 11:06:57 [http-nio-8080-exec-10] INFO  c.e.api.security.jwt.AuthTokenFilter - Filter Authentication is :null
2025-09-08 11:06:57 [http-nio-8080-exec-4] DEBUG c.e.a.s.jwt.CacheControlFilter - Cache Controll execute..
2025-09-08 11:06:57 [http-nio-8080-exec-2] DEBUG c.e.a.s.jwt.CacheControlFilter - Cache Controll execute..
2025-09-08 11:06:57 [http-nio-8080-exec-6] DEBUG c.e.a.s.jwt.CacheControlFilter - Cache Controll execute..
2025-09-08 11:06:57 [http-nio-8080-exec-9] DEBUG c.e.a.s.jwt.CacheControlFilter - Cache Controll execute..
2025-09-08 11:06:57 [http-nio-8080-exec-10] DEBUG c.e.a.s.jwt.CacheControlFilter - Cache Controll execute..
2025-09-08 11:06:57 [http-nio-8080-exec-1] DEBUG c.e.a.s.jwt.CacheControlFilter - Cache Controll execute..
2025-09-08 11:06:57 [http-nio-8080-exec-3] INFO  c.e.api.security.jwt.AuthTokenFilter - parsing jwt  :: null
2025-09-08 11:06:57 [http-nio-8080-exec-8] INFO  c.e.api.security.jwt.AuthTokenFilter - parsing jwt  :: null
2025-09-08 11:06:57 [http-nio-8080-exec-3] INFO  c.e.api.security.jwt.AuthTokenFilter - Filter Authentication is :null
2025-09-08 11:06:57 [http-nio-8080-exec-8] INFO  c.e.api.security.jwt.AuthTokenFilter - Filter Authentication is :null
2025-09-08 11:06:57 [http-nio-8080-exec-7] INFO  c.e.api.security.jwt.AuthTokenFilter - parsing jwt  :: null
2025-09-08 11:06:57 [http-nio-8080-exec-7] INFO  c.e.api.security.jwt.AuthTokenFilter - Filter Authentication is :null
2025-09-08 11:06:57 [http-nio-8080-exec-8] DEBUG c.e.a.s.jwt.CacheControlFilter - Cache Controll execute..
2025-09-08 11:06:57 [http-nio-8080-exec-3] DEBUG c.e.a.s.jwt.CacheControlFilter - Cache Controll execute..
2025-09-08 11:06:57 [http-nio-8080-exec-7] DEBUG c.e.a.s.jwt.CacheControlFilter - Cache Controll execute..
2025-09-08 11:06:57 [http-nio-8080-exec-5] INFO  c.e.api.security.jwt.AuthTokenFilter - parsing jwt  :: null
2025-09-08 11:06:57 [http-nio-8080-exec-5] INFO  c.e.api.security.jwt.AuthTokenFilter - Filter Authentication is :null
2025-09-08 11:06:57 [http-nio-8080-exec-5] DEBUG c.e.a.s.jwt.CacheControlFilter - Cache Controll execute..
2025-09-08 11:06:57 [http-nio-8080-exec-9] INFO  c.e.api.security.jwt.AuthTokenFilter - parsing jwt  :: null
2025-09-08 11:06:57 [http-nio-8080-exec-9] INFO  c.e.api.security.jwt.AuthTokenFilter - Filter Authentication is :null
2025-09-08 11:06:57 [http-nio-8080-exec-9] DEBUG c.e.a.s.jwt.CacheControlFilter - Cache Controll execute..
2025-09-08 11:06:57 [http-nio-8080-exec-10] INFO  c.e.api.security.jwt.AuthTokenFilter - parsing jwt  :: null
2025-09-08 11:06:57 [http-nio-8080-exec-10] INFO  c.e.api.security.jwt.AuthTokenFilter - Filter Authentication is :null
2025-09-08 11:06:57 [http-nio-8080-exec-1] INFO  c.e.api.security.jwt.AuthTokenFilter - parsing jwt  :: null
2025-09-08 11:06:57 [http-nio-8080-exec-10] DEBUG c.e.a.s.jwt.CacheControlFilter - Cache Controll execute..
2025-09-08 11:06:57 [http-nio-8080-exec-1] INFO  c.e.api.security.jwt.AuthTokenFilter - Filter Authentication is :null
2025-09-08 11:06:57 [http-nio-8080-exec-4] INFO  c.e.api.security.jwt.AuthTokenFilter - parsing jwt  :: null
2025-09-08 11:06:57 [http-nio-8080-exec-4] INFO  c.e.api.security.jwt.AuthTokenFilter - Filter Authentication is :null
2025-09-08 11:06:57 [http-nio-8080-exec-1] DEBUG c.e.a.s.jwt.CacheControlFilter - Cache Controll execute..
2025-09-08 11:06:57 [http-nio-8080-exec-4] DEBUG c.e.a.s.jwt.CacheControlFilter - Cache Controll execute..
2025-09-08 11:06:57 [http-nio-8080-exec-2] INFO  c.e.api.security.jwt.AuthTokenFilter - parsing jwt  :: null
2025-09-08 11:06:57 [http-nio-8080-exec-2] INFO  c.e.api.security.jwt.AuthTokenFilter - Filter Authentication is :null
2025-09-08 11:06:57 [http-nio-8080-exec-2] DEBUG c.e.a.s.jwt.CacheControlFilter - Cache Controll execute..
2025-09-08 11:06:57 [http-nio-8080-exec-3] INFO  c.e.api.security.jwt.AuthTokenFilter - parsing jwt  :: null
2025-09-08 11:06:57 [http-nio-8080-exec-3] INFO  c.e.api.security.jwt.AuthTokenFilter - Filter Authentication is :null
2025-09-08 11:06:57 [http-nio-8080-exec-3] DEBUG c.e.a.s.jwt.CacheControlFilter - Cache Controll execute..
2025-09-08 11:18:28 [RMI TCP Connection(16)-127.0.0.1] INFO  o.s.b.a.SpringApplicationAdminMXBeanRegistrar$SpringApplicationAdmin - Application shutdown requested.
2025-09-08 11:18:28 [RMI TCP Connection(16)-127.0.0.1] INFO  o.a.catalina.core.StandardService - Stopping service [Tomcat]
2025-09-08 11:18:28 [RMI TCP Connection(16)-127.0.0.1] INFO  o.a.c.c.C.[Tomcat].[localhost].[/] - Destroying Spring FrameworkServlet 'dispatcherServlet'
2025-09-08 11:18:28 [RMI TCP Connection(16)-127.0.0.1] INFO  o.s.o.j.LocalContainerEntityManagerFactoryBean - Closing JPA EntityManagerFactory for persistence unit 'default'
